<?xml version="1.0" encoding="UTF-8"?>
<testng-results ignored="0" total="2" passed="2" failed="0" skipped="0">
  <reporter-output>
  </reporter-output>
  <suite started-at="2024-01-26T16:15:54 EST" name="FullstackFramework" finished-at="2024-01-26T16:15:54 EST" duration-ms="59">
    <groups>
    </groups>
    <test started-at="2024-01-26T16:15:54 EST" name="Selenium_Advanced_Code" finished-at="2024-01-26T16:15:54 EST" duration-ms="59">
      <class name="practice.StringOperations">
        <test-method signature="stringManupulation()[pri:0, instance:practice.StringOperations@4b44655e]" started-at="2024-01-26T16:15:54 EST" name="stringManupulation" finished-at="2024-01-26T16:15:54 EST" duration-ms="6" status="PASS">
          <reporter-output>
          </reporter-output>
        </test-method> <!-- stringManupulation -->
        <test-method signature="compareString()[pri:0, instance:practice.StringOperations@4b44655e]" started-at="2024-01-26T16:15:54 EST" name="compareString" finished-at="2024-01-26T16:15:54 EST" duration-ms="6" status="PASS">
          <reporter-output>
          </reporter-output>
        </test-method> <!-- compareString -->
      </class> <!-- practice.StringOperations -->
    </test> <!-- Selenium_Advanced_Code -->
  </suite> <!-- FullstackFramework -->
</testng-results>
