<?xml version="1.0" encoding="UTF-8"?>
<testng-results ignored="0" total="2" passed="2" failed="0" skipped="0">
  <reporter-output>
  </reporter-output>
  <suite started-at="2024-01-26T01:13:37 EST" name="Default suite" finished-at="2024-01-26T01:13:37 EST" duration-ms="35">
    <groups>
    </groups>
    <test started-at="2024-01-26T01:13:37 EST" name="Default test" finished-at="2024-01-26T01:13:37 EST" duration-ms="35">
      <class name="practice.StringOperations">
        <test-method signature="compareString()[pri:0, instance:practice.StringOperations@55b7a4e0]" started-at="2024-01-26T01:13:37 EST" name="compareString" finished-at="2024-01-26T01:13:37 EST" duration-ms="6" status="PASS">
          <reporter-output>
          </reporter-output>
        </test-method> <!-- compareString -->
        <test-method signature="stringManupulation()[pri:0, instance:practice.StringOperations@55b7a4e0]" started-at="2024-01-26T01:13:37 EST" name="stringManupulation" finished-at="2024-01-26T01:13:37 EST" duration-ms="2" status="PASS">
          <reporter-output>
          </reporter-output>
        </test-method> <!-- stringManupulation -->
      </class> <!-- practice.StringOperations -->
    </test> <!-- Default test -->
  </suite> <!-- Default suite -->
</testng-results>
