<?xml version="1.0" encoding="UTF-8"?>
<testng-results ignored="0" total="1" passed="1" failed="0" skipped="0">
  <reporter-output>
  </reporter-output>
  <suite started-at="2024-01-25T22:40:05 EST" name="Default suite" finished-at="2024-01-25T22:40:05 EST" duration-ms="30">
    <groups>
    </groups>
    <test started-at="2024-01-25T22:40:05 EST" name="Default test" finished-at="2024-01-25T22:40:05 EST" duration-ms="30">
      <class name="practice.StringOperations">
        <test-method signature="stringManupulation()[pri:0, instance:practice.StringOperations@6eda5c9]" started-at="2024-01-25T22:40:05 EST" name="stringManupulation" finished-at="2024-01-25T22:40:05 EST" duration-ms="7" status="PASS">
          <reporter-output>
          </reporter-output>
        </test-method> <!-- stringManupulation -->
      </class> <!-- practice.StringOperations -->
    </test> <!-- Default test -->
  </suite> <!-- Default suite -->
</testng-results>
